Horizon started successfully.
[2023-01-08 17:31:49][616] Processing: Modules\Tasks\Events\TaskStatusUpdated
[2023-01-08 17:31:49][616] Processed:  Modules\Tasks\Events\TaskStatusUpdated
[2023-01-08 17:31:49][615] Processing: Illuminate\Notifications\Events\BroadcastNotificationCreated
[2023-01-08 17:31:49][615] Processed:  Illuminate\Notifications\Events\BroadcastNotificationCreated
[2023-01-08 17:32:19][617] Processing: Illuminate\Notifications\Events\BroadcastNotificationCreated
[2023-01-08 17:32:19][617] Processed:  Illuminate\Notifications\Events\BroadcastNotificationCreated
[2023-01-08 17:32:19][618] Processing: Modules\Tasks\Events\TaskStatusUpdated
[2023-01-08 17:32:19][618] Processed:  Modules\Tasks\Events\TaskStatusUpdated
[2023-01-08 17:49:02][620] Processing: Illuminate\Notifications\Events\BroadcastNotificationCreated
[2023-01-08 17:49:02][620] Processed:  Illuminate\Notifications\Events\BroadcastNotificationCreated
[2023-01-08 17:49:02][619] Processing: Modules\Tasks\Events\TaskCommentAdded
[2023-01-08 17:49:02][619] Processed:  Modules\Tasks\Events\TaskCommentAdded
[2023-01-08 17:49:56][622] Processing: Illuminate\Notifications\Events\BroadcastNotificationCreated
[2023-01-08 17:49:56][622] Processed:  Illuminate\Notifications\Events\BroadcastNotificationCreated
[2023-01-08 17:49:56][621] Processing: Modules\Tasks\Events\TaskUpdated
[2023-01-08 17:49:56][621] Processed:  Modules\Tasks\Events\TaskUpdated
[2023-01-08 17:50:08][624] Processing: Modules\Tasks\Events\TaskStatusUpdated
[2023-01-08 17:50:08][624] Processed:  Modules\Tasks\Events\TaskStatusUpdated
[2023-01-08 17:50:08][625] Processing: Illuminate\Notifications\Events\BroadcastNotificationCreated
[2023-01-08 17:50:08][625] Processed:  Illuminate\Notifications\Events\BroadcastNotificationCreated
[2023-01-08 17:50:08][626] Processing: Illuminate\Notifications\Events\BroadcastNotificationCreated
[2023-01-08 17:50:08][626] Processed:  Illuminate\Notifications\Events\BroadcastNotificationCreated
[2023-01-08 17:50:08][623] Processing: Modules\Tasks\Events\TaskStatusUpdated
[2023-01-08 17:50:08][623] Processed:  Modules\Tasks\Events\TaskStatusUpdated
[2023-01-08 17:50:29][666] Processing: Modules\Tasks\Events\TaskStatusUpdated
[2023-01-08 17:50:29][666] Processed:  Modules\Tasks\Events\TaskStatusUpdated
[2023-01-08 17:50:29][673] Processing: Modules\Tasks\Events\TaskStatusUpdated
[2023-01-08 17:50:29][673] Processed:  Modules\Tasks\Events\TaskStatusUpdated
[2023-01-08 17:50:29][665] Processing: Modules\Tasks\Events\TaskStatusUpdated
[2023-01-08 17:50:29][628] Processing: Illuminate\Notifications\Events\BroadcastNotificationCreated
[2023-01-08 17:50:29][628] Processed:  Illuminate\Notifications\Events\BroadcastNotificationCreated
[2023-01-08 17:50:29][629] Processing: Modules\Tasks\Events\TaskStatusUpdated
[2023-01-08 17:50:29][629] Processed:  Modules\Tasks\Events\TaskStatusUpdated
[2023-01-08 17:50:29][637] Processing: Modules\Tasks\Events\TaskStatusUpdated
[2023-01-08 17:50:29][637] Processed:  Modules\Tasks\Events\TaskStatusUpdated
[2023-01-08 17:50:29][643] Processing: Illuminate\Notifications\Events\BroadcastNotificationCreated
[2023-01-08 17:50:29][643] Processed:  Illuminate\Notifications\Events\BroadcastNotificationCreated
[2023-01-08 17:50:29][645] Processing: Modules\Tasks\Events\TaskStatusUpdated
[2023-01-08 17:50:29][645] Processed:  Modules\Tasks\Events\TaskStatusUpdated
[2023-01-08 17:50:29][654] Processing: Illuminate\Notifications\Events\BroadcastNotificationCreated
[2023-01-08 17:50:29][654] Processed:  Illuminate\Notifications\Events\BroadcastNotificationCreated
[2023-01-08 17:50:29][656] Processing: Illuminate\Notifications\Events\BroadcastNotificationCreated
[2023-01-08 17:50:29][656] Processed:  Illuminate\Notifications\Events\BroadcastNotificationCreated
[2023-01-08 17:50:29][660] Processing: Illuminate\Notifications\Events\BroadcastNotificationCreated
[2023-01-08 17:50:29][660] Processed:  Illuminate\Notifications\Events\BroadcastNotificationCreated
[2023-01-08 17:50:29][661] Processing: Modules\Tasks\Events\TaskStatusUpdated
[2023-01-08 17:50:29][661] Processed:  Modules\Tasks\Events\TaskStatusUpdated
[2023-01-08 17:50:29][667] Processing: Illuminate\Notifications\Events\BroadcastNotificationCreated
[2023-01-08 17:50:29][627] Processing: Modules\Tasks\Events\TaskStatusUpdated
[2023-01-08 17:50:29][627] Processed:  Modules\Tasks\Events\TaskStatusUpdated
[2023-01-08 17:50:29][635] Processing: Modules\Tasks\Events\TaskStatusUpdated
[2023-01-08 17:50:29][635] Processed:  Modules\Tasks\Events\TaskStatusUpdated
[2023-01-08 17:50:29][642] Processing: Modules\Tasks\Events\TaskStatusUpdated
[2023-01-08 17:50:29][642] Processed:  Modules\Tasks\Events\TaskStatusUpdated
[2023-01-08 17:50:29][651] Processing: Illuminate\Notifications\Events\BroadcastNotificationCreated
[2023-01-08 17:50:29][651] Processed:  Illuminate\Notifications\Events\BroadcastNotificationCreated
[2023-01-08 17:50:29][652] Processing: Illuminate\Notifications\Events\BroadcastNotificationCreated
[2023-01-08 17:50:29][652] Processed:  Illuminate\Notifications\Events\BroadcastNotificationCreated
[2023-01-08 17:50:29][653] Processing: Modules\Tasks\Events\TaskStatusUpdated
[2023-01-08 17:50:29][653] Processed:  Modules\Tasks\Events\TaskStatusUpdated
[2023-01-08 17:50:29][663] Processing: Modules\Tasks\Events\TaskStatusUpdated
[2023-01-08 17:50:29][663] Processed:  Modules\Tasks\Events\TaskStatusUpdated
[2023-01-08 17:50:29][630] Processing: Illuminate\Notifications\Events\BroadcastNotificationCreated
[2023-01-08 17:50:29][630] Processed:  Illuminate\Notifications\Events\BroadcastNotificationCreated
[2023-01-08 17:50:29][633] Processing: Modules\Tasks\Events\TaskStatusUpdated
[2023-01-08 17:50:29][633] Processed:  Modules\Tasks\Events\TaskStatusUpdated
[2023-01-08 17:50:29][644] Processing: Illuminate\Notifications\Events\BroadcastNotificationCreated
[2023-01-08 17:50:29][644] Processed:  Illuminate\Notifications\Events\BroadcastNotificationCreated
[2023-01-08 17:50:29][647] Processing: Modules\Tasks\Events\TaskStatusUpdated
[2023-01-08 17:50:29][647] Processed:  Modules\Tasks\Events\TaskStatusUpdated
[2023-01-08 17:50:29][655] Processing: Modules\Tasks\Events\TaskStatusUpdated
[2023-01-08 17:50:29][655] Processed:  Modules\Tasks\Events\TaskStatusUpdated
[2023-01-08 17:50:29][672] Processing: Illuminate\Notifications\Events\BroadcastNotificationCreated
[2023-01-08 17:50:29][672] Processed:  Illuminate\Notifications\Events\BroadcastNotificationCreated
[2023-01-08 17:50:29][659] Processing: Modules\Tasks\Events\TaskStatusUpdated
[2023-01-08 17:50:29][631] Processing: Modules\Tasks\Events\TaskStatusUpdated
[2023-01-08 17:50:29][631] Processed:  Modules\Tasks\Events\TaskStatusUpdated
[2023-01-08 17:50:29][639] Processing: Modules\Tasks\Events\TaskStatusUpdated
[2023-01-08 17:50:29][639] Processed:  Modules\Tasks\Events\TaskStatusUpdated
[2023-01-08 17:50:29][646] Processing: Illuminate\Notifications\Events\BroadcastNotificationCreated
[2023-01-08 17:50:29][646] Processed:  Illuminate\Notifications\Events\BroadcastNotificationCreated
[2023-01-08 17:50:29][649] Processing: Modules\Tasks\Events\TaskStatusUpdated
[2023-01-08 17:50:29][649] Processed:  Modules\Tasks\Events\TaskStatusUpdated
[2023-01-08 17:50:29][657] Processing: Modules\Tasks\Events\TaskStatusUpdated
[2023-01-08 17:50:29][657] Processed:  Modules\Tasks\Events\TaskStatusUpdated
[2023-01-08 17:50:29][670] Processing: Illuminate\Notifications\Events\BroadcastNotificationCreated
[2023-01-08 17:50:29][670] Processed:  Illuminate\Notifications\Events\BroadcastNotificationCreated
[2023-01-08 17:50:29][671] Processing: Modules\Tasks\Events\TaskStatusUpdated
[2023-01-08 17:50:29][632] Processing: Illuminate\Notifications\Events\BroadcastNotificationCreated
[2023-01-08 17:50:29][632] Processed:  Illuminate\Notifications\Events\BroadcastNotificationCreated
[2023-01-08 17:50:29][634] Processing: Illuminate\Notifications\Events\BroadcastNotificationCreated
[2023-01-08 17:50:29][634] Processed:  Illuminate\Notifications\Events\BroadcastNotificationCreated
[2023-01-08 17:50:29][636] Processing: Illuminate\Notifications\Events\BroadcastNotificationCreated
[2023-01-08 17:50:29][636] Processed:  Illuminate\Notifications\Events\BroadcastNotificationCreated
[2023-01-08 17:50:29][638] Processing: Illuminate\Notifications\Events\BroadcastNotificationCreated
[2023-01-08 17:50:29][638] Processed:  Illuminate\Notifications\Events\BroadcastNotificationCreated
[2023-01-08 17:50:29][640] Processing: Illuminate\Notifications\Events\BroadcastNotificationCreated
[2023-01-08 17:50:29][640] Processed:  Illuminate\Notifications\Events\BroadcastNotificationCreated
[2023-01-08 17:50:29][641] Processing: Modules\Tasks\Events\TaskStatusUpdated
[2023-01-08 17:50:29][641] Processed:  Modules\Tasks\Events\TaskStatusUpdated
[2023-01-08 17:50:29][648] Processing: Illuminate\Notifications\Events\BroadcastNotificationCreated
[2023-01-08 17:50:29][648] Processed:  Illuminate\Notifications\Events\BroadcastNotificationCreated
[2023-01-08 17:50:29][650] Processing: Modules\Tasks\Events\TaskStatusUpdated
[2023-01-08 17:50:29][650] Processed:  Modules\Tasks\Events\TaskStatusUpdated
[2023-01-08 17:50:29][658] Processing: Illuminate\Notifications\Events\BroadcastNotificationCreated
[2023-01-08 17:50:29][658] Processed:  Illuminate\Notifications\Events\BroadcastNotificationCreated
[2023-01-08 17:50:29][662] Processing: Illuminate\Notifications\Events\BroadcastNotificationCreated
[2023-01-08 17:50:29][662] Processed:  Illuminate\Notifications\Events\BroadcastNotificationCreated
[2023-01-08 17:50:29][664] Processing: Illuminate\Notifications\Events\BroadcastNotificationCreated
[2023-01-08 17:50:29][664] Processed:  Illuminate\Notifications\Events\BroadcastNotificationCreated
[2023-01-08 17:50:29][669] Processing: Modules\Tasks\Events\TaskStatusUpdated
[2023-01-08 17:50:29][669] Processed:  Modules\Tasks\Events\TaskStatusUpdated
[2023-01-08 17:50:29][668] Processing: Illuminate\Notifications\Events\BroadcastNotificationCreated
[2023-01-08 17:50:29][668] Processed:  Illuminate\Notifications\Events\BroadcastNotificationCreated
[2023-01-08 17:50:29][674] Processing: Illuminate\Notifications\Events\BroadcastNotificationCreated
[2023-01-08 17:50:29][674] Processed:  Illuminate\Notifications\Events\BroadcastNotificationCreated
[2023-01-08 17:50:29][665] Processed:  Modules\Tasks\Events\TaskStatusUpdated
[2023-01-08 17:50:29][667] Processed:  Illuminate\Notifications\Events\BroadcastNotificationCreated
[2023-01-08 17:50:29][659] Processed:  Modules\Tasks\Events\TaskStatusUpdated
[2023-01-08 17:50:29][671] Processed:  Modules\Tasks\Events\TaskStatusUpdated
[2023-01-08 18:19:36][675] Processing: Modules\Tasks\Events\TaskCommentAdded
[2023-01-08 18:19:36][675] Processed:  Modules\Tasks\Events\TaskCommentAdded
[2023-01-08 18:19:36][676] Processing: Illuminate\Notifications\Events\BroadcastNotificationCreated
[2023-01-08 18:19:36][676] Processed:  Illuminate\Notifications\Events\BroadcastNotificationCreated
[2023-01-08 18:26:30][677] Processing: Modules\Tasks\Events\TaskCommentAdded
[2023-01-08 18:26:30][677] Processed:  Modules\Tasks\Events\TaskCommentAdded
[2023-01-08 18:26:30][678] Processing: Illuminate\Notifications\Events\BroadcastNotificationCreated
[2023-01-08 18:26:30][678] Processed:  Illuminate\Notifications\Events\BroadcastNotificationCreated
[2023-01-08 20:52:35][679] Processing: App\Events\NotificationRead
[2023-01-08 20:52:35][679] Processed:  App\Events\NotificationRead
[2023-01-08 20:52:36][680] Processing: App\Events\NotificationRead
[2023-01-08 20:52:36][680] Processed:  App\Events\NotificationRead
[2023-01-08 22:51:13][681] Processing: Modules\Tasks\Events\TaskStatusUpdated
[2023-01-08 22:51:13][681] Processed:  Modules\Tasks\Events\TaskStatusUpdated
[2023-01-08 22:51:13][682] Processing: Modules\Tasks\Events\TaskStatusUpdated
[2023-01-08 22:51:13][682] Processed:  Modules\Tasks\Events\TaskStatusUpdated
[2023-01-08 22:51:13][683] Processing: Illuminate\Notifications\Events\BroadcastNotificationCreated
[2023-01-08 22:51:13][683] Processed:  Illuminate\Notifications\Events\BroadcastNotificationCreated
[2023-01-08 22:51:13][684] Processing: Illuminate\Notifications\Events\BroadcastNotificationCreated
[2023-01-08 22:51:13][684] Processed:  Illuminate\Notifications\Events\BroadcastNotificationCreated
[2023-01-08 22:51:19][685] Processing: App\Events\NotificationRead
[2023-01-08 22:51:19][685] Processed:  App\Events\NotificationRead
[2023-01-08 22:51:19][686] Processing: App\Events\NotificationRead
[2023-01-08 22:51:19][686] Processed:  App\Events\NotificationRead
[2023-01-08 22:51:26][687] Processing: App\Events\NotificationRead
[2023-01-08 22:51:26][687] Processed:  App\Events\NotificationRead
[2023-01-08 23:58:07][688] Processing: Illuminate\Notifications\Events\BroadcastNotificationCreated
[2023-01-08 23:58:07][688] Processed:  Illuminate\Notifications\Events\BroadcastNotificationCreated
[2023-01-08 23:58:07][689] Processing: Modules\Tasks\Events\TaskStatusUpdated
[2023-01-08 23:58:07][689] Processed:  Modules\Tasks\Events\TaskStatusUpdated
[2023-01-08 23:58:29][692] Processing: Illuminate\Notifications\Events\BroadcastNotificationCreated
[2023-01-08 23:58:29][692] Processed:  Illuminate\Notifications\Events\BroadcastNotificationCreated
[2023-01-08 23:58:28][691] Processing: Illuminate\Notifications\Events\BroadcastNotificationCreated
[2023-01-08 23:58:28][691] Processed:  Illuminate\Notifications\Events\BroadcastNotificationCreated
[2023-01-08 23:58:28][690] Processing: Modules\Tasks\Events\TaskUpdated
[2023-01-08 23:58:28][690] Processed:  Modules\Tasks\Events\TaskUpdated
[2023-01-09 02:09:30][693] Processing: Modules\Tasks\Events\TaskUpdated
[2023-01-09 02:09:30][693] Processed:  Modules\Tasks\Events\TaskUpdated
[2023-01-09 02:09:30][694] Processing: Illuminate\Notifications\Events\BroadcastNotificationCreated
[2023-01-09 02:09:30][694] Processed:  Illuminate\Notifications\Events\BroadcastNotificationCreated
[2023-01-09 02:09:30][695] Processing: Modules\Tasks\Events\TaskStatusUpdated
[2023-01-09 02:09:30][695] Processed:  Modules\Tasks\Events\TaskStatusUpdated
[2023-01-09 02:09:30][696] Processing: Illuminate\Notifications\Events\BroadcastNotificationCreated
[2023-01-09 02:09:30][696] Processed:  Illuminate\Notifications\Events\BroadcastNotificationCreated
[2023-01-09 09:14:46][697] Processing: App\Events\NotificationReadAll
[2023-01-09 09:14:46][697] Processed:  App\Events\NotificationReadAll
[2023-01-09 10:10:12][698] Processing: Modules\Tasks\Events\TaskUpdated
[2023-01-09 10:10:12][698] Processed:  Modules\Tasks\Events\TaskUpdated
[2023-01-09 10:10:12][699] Processing: Illuminate\Notifications\Events\BroadcastNotificationCreated
[2023-01-09 10:10:12][699] Processed:  Illuminate\Notifications\Events\BroadcastNotificationCreated
[2023-01-09 10:11:05][700] Processing: Modules\Tasks\Events\TaskCommentAdded
[2023-01-09 10:11:05][700] Processed:  Modules\Tasks\Events\TaskCommentAdded
[2023-01-09 10:11:05][701] Processing: Illuminate\Notifications\Events\BroadcastNotificationCreated
[2023-01-09 10:11:05][701] Processed:  Illuminate\Notifications\Events\BroadcastNotificationCreated
[2023-01-09 10:13:30][702] Processing: Illuminate\Notifications\Events\BroadcastNotificationCreated
[2023-01-09 10:13:30][702] Processed:  Illuminate\Notifications\Events\BroadcastNotificationCreated
[2023-01-09 10:13:30][703] Processing: Modules\Tasks\Events\TaskStatusUpdated
[2023-01-09 10:13:30][703] Processed:  Modules\Tasks\Events\TaskStatusUpdated
[2023-01-09 10:32:01][704] Processing: App\Events\NotificationRead
[2023-01-09 10:32:01][704] Processed:  App\Events\NotificationRead
[2023-01-09 11:10:58][705] Processing: App\Events\NotificationRead
[2023-01-09 11:10:58][705] Processed:  App\Events\NotificationRead
[2023-01-09 11:11:17][706] Processing: App\Events\NotificationReadAll
[2023-01-09 11:11:17][706] Processed:  App\Events\NotificationReadAll
[2023-01-09 14:14:23][707] Processing: App\Events\NotificationReadAll
[2023-01-09 14:14:23][707] Processed:  App\Events\NotificationReadAll
[2023-01-09 15:47:02][708] Processing: Modules\Tasks\Events\TaskUpdated
[2023-01-09 15:47:02][708] Processed:  Modules\Tasks\Events\TaskUpdated
[2023-01-09 15:47:02][709] Processing: Illuminate\Notifications\Events\BroadcastNotificationCreated
[2023-01-09 15:47:02][709] Processed:  Illuminate\Notifications\Events\BroadcastNotificationCreated
[2023-01-09 16:36:31][711] Processing: Modules\Tasks\Events\TaskStatusUpdated
[2023-01-09 16:36:31][711] Processed:  Modules\Tasks\Events\TaskStatusUpdated
[2023-01-09 16:36:31][712] Processing: Illuminate\Notifications\Events\BroadcastNotificationCreated
[2023-01-09 16:36:31][712] Processed:  Illuminate\Notifications\Events\BroadcastNotificationCreated
[2023-01-09 16:36:31][714] Processing: Illuminate\Notifications\Events\BroadcastNotificationCreated
[2023-01-09 16:36:31][714] Processed:  Illuminate\Notifications\Events\BroadcastNotificationCreated
[2023-01-09 16:36:31][716] Processing: Illuminate\Notifications\Events\BroadcastNotificationCreated
[2023-01-09 16:36:31][716] Processed:  Illuminate\Notifications\Events\BroadcastNotificationCreated
[2023-01-09 16:36:31][718] Processing: Illuminate\Notifications\Events\BroadcastNotificationCreated
[2023-01-09 16:36:31][718] Processed:  Illuminate\Notifications\Events\BroadcastNotificationCreated
[2023-01-09 16:36:31][719] Processing: Modules\Tasks\Events\TaskStatusUpdated
[2023-01-09 16:36:31][719] Processed:  Modules\Tasks\Events\TaskStatusUpdated
[2023-01-09 16:36:31][722] Processing: Illuminate\Notifications\Events\BroadcastNotificationCreated
[2023-01-09 16:36:31][722] Processed:  Illuminate\Notifications\Events\BroadcastNotificationCreated
[2023-01-09 16:36:31][724] Processing: Illuminate\Notifications\Events\BroadcastNotificationCreated
[2023-01-09 16:36:31][724] Processed:  Illuminate\Notifications\Events\BroadcastNotificationCreated
[2023-01-09 16:36:31][725] Processing: Illuminate\Notifications\Events\BroadcastNotificationCreated
[2023-01-09 16:36:31][725] Processed:  Illuminate\Notifications\Events\BroadcastNotificationCreated
[2023-01-09 16:36:32][726] Processing: Illuminate\Notifications\Events\BroadcastNotificationCreated
[2023-01-09 16:36:32][726] Processed:  Illuminate\Notifications\Events\BroadcastNotificationCreated
[2023-01-09 16:36:32][727] Processing: Modules\Tasks\Events\TaskStatusUpdated
[2023-01-09 16:36:32][727] Processed:  Modules\Tasks\Events\TaskStatusUpdated
[2023-01-09 16:36:32][728] Processing: Illuminate\Notifications\Events\BroadcastNotificationCreated
[2023-01-09 16:36:32][728] Processed:  Illuminate\Notifications\Events\BroadcastNotificationCreated
[2023-01-09 16:36:32][729] Processing: Illuminate\Notifications\Events\BroadcastNotificationCreated
[2023-01-09 16:36:32][729] Processed:  Illuminate\Notifications\Events\BroadcastNotificationCreated
[2023-01-09 16:36:32][730] Processing: Modules\Tasks\Events\TaskStatusUpdated
[2023-01-09 16:36:31][710] Processing: Modules\Tasks\Events\TaskStatusUpdated
[2023-01-09 16:36:31][710] Processed:  Modules\Tasks\Events\TaskStatusUpdated
[2023-01-09 16:36:31][713] Processing: Illuminate\Notifications\Events\BroadcastNotificationCreated
[2023-01-09 16:36:31][713] Processed:  Illuminate\Notifications\Events\BroadcastNotificationCreated
[2023-01-09 16:36:31][715] Processing: Illuminate\Notifications\Events\BroadcastNotificationCreated
[2023-01-09 16:36:31][715] Processed:  Illuminate\Notifications\Events\BroadcastNotificationCreated
[2023-01-09 16:36:31][717] Processing: Modules\Tasks\Events\TaskStatusUpdated
[2023-01-09 16:36:31][717] Processed:  Modules\Tasks\Events\TaskStatusUpdated
[2023-01-09 16:36:31][720] Processing: Illuminate\Notifications\Events\BroadcastNotificationCreated
[2023-01-09 16:36:31][720] Processed:  Illuminate\Notifications\Events\BroadcastNotificationCreated
[2023-01-09 16:36:31][721] Processing: Modules\Tasks\Events\TaskStatusUpdated
[2023-01-09 16:36:31][721] Processed:  Modules\Tasks\Events\TaskStatusUpdated
[2023-01-09 16:36:31][723] Processing: Modules\Tasks\Events\TaskStatusUpdated
[2023-01-09 16:36:31][723] Processed:  Modules\Tasks\Events\TaskStatusUpdated
[2023-01-09 16:36:32][730] Processed:  Modules\Tasks\Events\TaskStatusUpdated
[2023-01-09 16:36:32][732] Processing: Modules\Tasks\Events\TaskStatusUpdated
[2023-01-09 16:36:32][732] Processed:  Modules\Tasks\Events\TaskStatusUpdated
[2023-01-09 16:36:32][731] Processing: Illuminate\Notifications\Events\BroadcastNotificationCreated
[2023-01-09 16:36:32][731] Processed:  Illuminate\Notifications\Events\BroadcastNotificationCreated
[2023-01-09 16:36:32][733] Processing: Illuminate\Notifications\Events\BroadcastNotificationCreated
[2023-01-09 16:36:32][733] Processed:  Illuminate\Notifications\Events\BroadcastNotificationCreated
[2023-01-09 16:36:32][734] Processing: Modules\Tasks\Events\TaskStatusUpdated
[2023-01-09 16:36:32][734] Processed:  Modules\Tasks\Events\TaskStatusUpdated
[2023-01-09 16:36:32][735] Processing: Illuminate\Notifications\Events\BroadcastNotificationCreated
[2023-01-09 16:36:32][735] Processed:  Illuminate\Notifications\Events\BroadcastNotificationCreated
[2023-01-09 16:37:13][737] Processing: Modules\Tasks\Events\TaskStatusUpdated
[2023-01-09 16:37:13][737] Processed:  Modules\Tasks\Events\TaskStatusUpdated
[2023-01-09 16:37:13][739] Processing: Illuminate\Notifications\Events\BroadcastNotificationCreated
[2023-01-09 16:37:13][739] Processed:  Illuminate\Notifications\Events\BroadcastNotificationCreated
[2023-01-09 16:37:13][741] Processing: Illuminate\Notifications\Events\BroadcastNotificationCreated
[2023-01-09 16:37:13][741] Processed:  Illuminate\Notifications\Events\BroadcastNotificationCreated
[2023-01-09 16:37:13][742] Processing: Modules\Tasks\Events\TaskStatusUpdated
[2023-01-09 16:37:13][742] Processed:  Modules\Tasks\Events\TaskStatusUpdated
[2023-01-09 16:37:13][743] Processing: Modules\Tasks\Events\TaskStatusUpdated
[2023-01-09 16:37:13][743] Processed:  Modules\Tasks\Events\TaskStatusUpdated
[2023-01-09 16:37:13][746] Processing: Illuminate\Notifications\Events\BroadcastNotificationCreated
[2023-01-09 16:37:13][746] Processed:  Illuminate\Notifications\Events\BroadcastNotificationCreated
[2023-01-09 16:37:13][747] Processing: Illuminate\Notifications\Events\BroadcastNotificationCreated
[2023-01-09 16:37:13][747] Processed:  Illuminate\Notifications\Events\BroadcastNotificationCreated
[2023-01-09 16:37:13][749] Processing: Illuminate\Notifications\Events\BroadcastNotificationCreated
[2023-01-09 16:37:14][749] Processed:  Illuminate\Notifications\Events\BroadcastNotificationCreated
[2023-01-09 16:37:14][750] Processing: Modules\Tasks\Events\TaskStatusUpdated
[2023-01-09 16:37:14][750] Processed:  Modules\Tasks\Events\TaskStatusUpdated
[2023-01-09 16:37:14][753] Processing: Illuminate\Notifications\Events\BroadcastNotificationCreated
[2023-01-09 16:37:14][753] Processed:  Illuminate\Notifications\Events\BroadcastNotificationCreated
[2023-01-09 16:37:13][736] Processing: Modules\Tasks\Events\TaskStatusUpdated
[2023-01-09 16:37:13][736] Processed:  Modules\Tasks\Events\TaskStatusUpdated
[2023-01-09 16:37:13][738] Processing: Illuminate\Notifications\Events\BroadcastNotificationCreated
[2023-01-09 16:37:13][738] Processed:  Illuminate\Notifications\Events\BroadcastNotificationCreated
[2023-01-09 16:37:13][740] Processing: Modules\Tasks\Events\TaskStatusUpdated
[2023-01-09 16:37:13][740] Processed:  Modules\Tasks\Events\TaskStatusUpdated
[2023-01-09 16:37:13][744] Processing: Illuminate\Notifications\Events\BroadcastNotificationCreated
[2023-01-09 16:37:13][744] Processed:  Illuminate\Notifications\Events\BroadcastNotificationCreated
[2023-01-09 16:37:13][745] Processing: Modules\Tasks\Events\TaskStatusUpdated
[2023-01-09 16:37:13][745] Processed:  Modules\Tasks\Events\TaskStatusUpdated
[2023-01-09 16:37:13][748] Processing: Modules\Tasks\Events\TaskStatusUpdated
[2023-01-09 16:37:14][748] Processed:  Modules\Tasks\Events\TaskStatusUpdated
[2023-01-09 16:37:14][751] Processing: Illuminate\Notifications\Events\BroadcastNotificationCreated
[2023-01-09 16:37:14][751] Processed:  Illuminate\Notifications\Events\BroadcastNotificationCreated
[2023-01-09 16:37:14][752] Processing: Modules\Tasks\Events\TaskStatusUpdated
[2023-01-09 16:37:14][752] Processed:  Modules\Tasks\Events\TaskStatusUpdated
[2023-01-09 16:37:14][754] Processing: Modules\Tasks\Events\TaskStatusUpdated
[2023-01-09 16:37:14][754] Processed:  Modules\Tasks\Events\TaskStatusUpdated
[2023-01-09 16:37:14][757] Processing: Illuminate\Notifications\Events\BroadcastNotificationCreated
[2023-01-09 16:37:14][757] Processed:  Illuminate\Notifications\Events\BroadcastNotificationCreated
[2023-01-09 16:37:14][759] Processing: Illuminate\Notifications\Events\BroadcastNotificationCreated
[2023-01-09 16:37:14][759] Processed:  Illuminate\Notifications\Events\BroadcastNotificationCreated
[2023-01-09 16:37:14][760] Processing: Modules\Tasks\Events\TaskStatusUpdated
[2023-01-09 16:37:14][760] Processed:  Modules\Tasks\Events\TaskStatusUpdated
[2023-01-09 16:37:14][763] Processing: Illuminate\Notifications\Events\BroadcastNotificationCreated
[2023-01-09 16:37:14][763] Processed:  Illuminate\Notifications\Events\BroadcastNotificationCreated
[2023-01-09 16:37:14][755] Processing: Illuminate\Notifications\Events\BroadcastNotificationCreated
[2023-01-09 16:37:14][755] Processed:  Illuminate\Notifications\Events\BroadcastNotificationCreated
[2023-01-09 16:37:14][756] Processing: Modules\Tasks\Events\TaskStatusUpdated
[2023-01-09 16:37:14][756] Processed:  Modules\Tasks\Events\TaskStatusUpdated
[2023-01-09 16:37:14][758] Processing: Modules\Tasks\Events\TaskStatusUpdated
[2023-01-09 16:37:14][758] Processed:  Modules\Tasks\Events\TaskStatusUpdated
[2023-01-09 16:37:14][761] Processing: Illuminate\Notifications\Events\BroadcastNotificationCreated
[2023-01-09 16:37:14][761] Processed:  Illuminate\Notifications\Events\BroadcastNotificationCreated
[2023-01-09 16:37:14][762] Processing: Modules\Tasks\Events\TaskStatusUpdated
[2023-01-09 16:37:14][762] Processed:  Modules\Tasks\Events\TaskStatusUpdated
[2023-01-09 16:37:50][764] Processing: Modules\Tasks\Events\TaskStatusUpdated
[2023-01-09 16:37:50][764] Processed:  Modules\Tasks\Events\TaskStatusUpdated
[2023-01-09 16:37:50][767] Processing: Illuminate\Notifications\Events\BroadcastNotificationCreated
[2023-01-09 16:37:50][767] Processed:  Illuminate\Notifications\Events\BroadcastNotificationCreated
[2023-01-09 16:37:50][768] Processing: Modules\Tasks\Events\TaskStatusUpdated
[2023-01-09 16:37:50][768] Processed:  Modules\Tasks\Events\TaskStatusUpdated
[2023-01-09 16:37:50][771] Processing: Modules\Tasks\Events\TaskStatusUpdated
[2023-01-09 16:37:50][771] Processed:  Modules\Tasks\Events\TaskStatusUpdated
[2023-01-09 16:37:50][776] Processing: Modules\Tasks\Events\TaskStatusUpdated
[2023-01-09 16:37:50][776] Processed:  Modules\Tasks\Events\TaskStatusUpdated
[2023-01-09 16:37:50][779] Processing: Illuminate\Notifications\Events\BroadcastNotificationCreated
[2023-01-09 16:37:50][779] Processed:  Illuminate\Notifications\Events\BroadcastNotificationCreated
[2023-01-09 16:37:50][780] Processing: Modules\Tasks\Events\TaskStatusUpdated
[2023-01-09 16:37:50][780] Processed:  Modules\Tasks\Events\TaskStatusUpdated
[2023-01-09 16:37:50][782] Processing: Modules\Tasks\Events\TaskStatusUpdated
[2023-01-09 16:37:50][782] Processed:  Modules\Tasks\Events\TaskStatusUpdated
[2023-01-09 16:37:50][787] Processing: Modules\Tasks\Events\TaskStatusUpdated
[2023-01-09 16:37:50][787] Processed:  Modules\Tasks\Events\TaskStatusUpdated
[2023-01-09 16:37:50][790] Processing: Illuminate\Notifications\Events\BroadcastNotificationCreated
[2023-01-09 16:37:50][790] Processed:  Illuminate\Notifications\Events\BroadcastNotificationCreated
[2023-01-09 16:37:50][792] Processing: Illuminate\Notifications\Events\BroadcastNotificationCreated
[2023-01-09 16:37:50][792] Processed:  Illuminate\Notifications\Events\BroadcastNotificationCreated
[2023-01-09 16:37:50][793] Processing: Modules\Tasks\Events\TaskStatusUpdated
[2023-01-09 16:37:50][793] Processed:  Modules\Tasks\Events\TaskStatusUpdated
[2023-01-09 16:37:50][795] Processing: Illuminate\Notifications\Events\BroadcastNotificationCreated
[2023-01-09 16:37:50][795] Processed:  Illuminate\Notifications\Events\BroadcastNotificationCreated
[2023-01-09 16:37:50][796] Processing: Illuminate\Notifications\Events\BroadcastNotificationCreated
[2023-01-09 16:37:50][796] Processed:  Illuminate\Notifications\Events\BroadcastNotificationCreated
[2023-01-09 16:37:50][797] Processing: Modules\Tasks\Events\TaskStatusUpdated
[2023-01-09 16:37:50][797] Processed:  Modules\Tasks\Events\TaskStatusUpdated
[2023-01-09 16:37:50][800] Processing: Illuminate\Notifications\Events\BroadcastNotificationCreated
[2023-01-09 16:37:50][800] Processed:  Illuminate\Notifications\Events\BroadcastNotificationCreated
[2023-01-09 16:37:50][801] Processing: Illuminate\Notifications\Events\BroadcastNotificationCreated
[2023-01-09 16:37:50][801] Processed:  Illuminate\Notifications\Events\BroadcastNotificationCreated
[2023-01-09 16:37:50][802] Processing: Modules\Tasks\Events\TaskStatusUpdated
[2023-01-09 16:37:50][802] Processed:  Modules\Tasks\Events\TaskStatusUpdated
[2023-01-09 16:37:50][805] Processing: Illuminate\Notifications\Events\BroadcastNotificationCreated
[2023-01-09 16:37:50][805] Processed:  Illuminate\Notifications\Events\BroadcastNotificationCreated
[2023-01-09 16:37:50][806] Processing: Modules\Tasks\Events\TaskStatusUpdated
[2023-01-09 16:37:50][806] Processed:  Modules\Tasks\Events\TaskStatusUpdated
[2023-01-09 16:37:50][809] Processing: Illuminate\Notifications\Events\BroadcastNotificationCreated
[2023-01-09 16:37:50][809] Processed:  Illuminate\Notifications\Events\BroadcastNotificationCreated
[2023-01-09 16:37:50][810] Processing: Modules\Tasks\Events\TaskStatusUpdated
[2023-01-09 16:37:50][810] Processed:  Modules\Tasks\Events\TaskStatusUpdated
[2023-01-09 16:37:50][765] Processing: Illuminate\Notifications\Events\BroadcastNotificationCreated
[2023-01-09 16:37:50][765] Processed:  Illuminate\Notifications\Events\BroadcastNotificationCreated
[2023-01-09 16:37:50][766] Processing: Modules\Tasks\Events\TaskStatusUpdated
[2023-01-09 16:37:50][766] Processed:  Modules\Tasks\Events\TaskStatusUpdated
[2023-01-09 16:37:50][769] Processing: Illuminate\Notifications\Events\BroadcastNotificationCreated
[2023-01-09 16:37:50][769] Processed:  Illuminate\Notifications\Events\BroadcastNotificationCreated
[2023-01-09 16:37:50][770] Processing: Modules\Tasks\Events\TaskStatusUpdated
[2023-01-09 16:37:50][770] Processed:  Modules\Tasks\Events\TaskStatusUpdated
[2023-01-09 16:37:50][772] Processing: Illuminate\Notifications\Events\BroadcastNotificationCreated
[2023-01-09 16:37:50][772] Processed:  Illuminate\Notifications\Events\BroadcastNotificationCreated
[2023-01-09 16:37:50][773] Processing: Illuminate\Notifications\Events\BroadcastNotificationCreated
[2023-01-09 16:37:50][773] Processed:  Illuminate\Notifications\Events\BroadcastNotificationCreated
[2023-01-09 16:37:50][774] Processing: Modules\Tasks\Events\TaskStatusUpdated
[2023-01-09 16:37:50][774] Processed:  Modules\Tasks\Events\TaskStatusUpdated
[2023-01-09 16:37:50][775] Processing: Illuminate\Notifications\Events\BroadcastNotificationCreated
[2023-01-09 16:37:50][775] Processed:  Illuminate\Notifications\Events\BroadcastNotificationCreated
[2023-01-09 16:37:50][777] Processing: Illuminate\Notifications\Events\BroadcastNotificationCreated
[2023-01-09 16:37:50][777] Processed:  Illuminate\Notifications\Events\BroadcastNotificationCreated
[2023-01-09 16:37:50][778] Processing: Modules\Tasks\Events\TaskStatusUpdated
[2023-01-09 16:37:50][778] Processed:  Modules\Tasks\Events\TaskStatusUpdated
[2023-01-09 16:37:50][781] Processing: Modules\Tasks\Events\TaskStatusUpdated
[2023-01-09 16:37:50][781] Processed:  Modules\Tasks\Events\TaskStatusUpdated
[2023-01-09 16:37:50][783] Processing: Illuminate\Notifications\Events\BroadcastNotificationCreated
[2023-01-09 16:37:50][783] Processed:  Illuminate\Notifications\Events\BroadcastNotificationCreated
[2023-01-09 16:37:50][784] Processing: Illuminate\Notifications\Events\BroadcastNotificationCreated
[2023-01-09 16:37:50][784] Processed:  Illuminate\Notifications\Events\BroadcastNotificationCreated
[2023-01-09 16:37:50][785] Processing: Illuminate\Notifications\Events\BroadcastNotificationCreated
[2023-01-09 16:37:50][785] Processed:  Illuminate\Notifications\Events\BroadcastNotificationCreated
[2023-01-09 16:37:50][786] Processing: Modules\Tasks\Events\TaskStatusUpdated
[2023-01-09 16:37:50][786] Processed:  Modules\Tasks\Events\TaskStatusUpdated
[2023-01-09 16:37:50][788] Processing: Illuminate\Notifications\Events\BroadcastNotificationCreated
[2023-01-09 16:37:50][788] Processed:  Illuminate\Notifications\Events\BroadcastNotificationCreated
[2023-01-09 16:37:50][789] Processing: Illuminate\Notifications\Events\BroadcastNotificationCreated
[2023-01-09 16:37:50][789] Processed:  Illuminate\Notifications\Events\BroadcastNotificationCreated
[2023-01-09 16:37:50][791] Processing: Modules\Tasks\Events\TaskStatusUpdated
[2023-01-09 16:37:50][791] Processed:  Modules\Tasks\Events\TaskStatusUpdated
[2023-01-09 16:37:50][794] Processing: Modules\Tasks\Events\TaskStatusUpdated
[2023-01-09 16:37:50][794] Processed:  Modules\Tasks\Events\TaskStatusUpdated
[2023-01-09 16:37:50][798] Processing: Illuminate\Notifications\Events\BroadcastNotificationCreated
[2023-01-09 16:37:50][798] Processed:  Illuminate\Notifications\Events\BroadcastNotificationCreated
[2023-01-09 16:37:50][799] Processing: Modules\Tasks\Events\TaskStatusUpdated
[2023-01-09 16:37:50][799] Processed:  Modules\Tasks\Events\TaskStatusUpdated
[2023-01-09 16:37:50][803] Processing: Illuminate\Notifications\Events\BroadcastNotificationCreated
[2023-01-09 16:37:50][803] Processed:  Illuminate\Notifications\Events\BroadcastNotificationCreated
[2023-01-09 16:37:50][804] Processing: Modules\Tasks\Events\TaskStatusUpdated
[2023-01-09 16:37:50][804] Processed:  Modules\Tasks\Events\TaskStatusUpdated
[2023-01-09 16:37:50][807] Processing: Illuminate\Notifications\Events\BroadcastNotificationCreated
[2023-01-09 16:37:50][807] Processed:  Illuminate\Notifications\Events\BroadcastNotificationCreated
[2023-01-09 16:37:50][808] Processing: Modules\Tasks\Events\TaskStatusUpdated
[2023-01-09 16:37:50][808] Processed:  Modules\Tasks\Events\TaskStatusUpdated
[2023-01-09 16:37:50][811] Processing: Illuminate\Notifications\Events\BroadcastNotificationCreated
[2023-01-09 16:37:50][811] Processed:  Illuminate\Notifications\Events\BroadcastNotificationCreated
[2023-01-09 16:37:50][819] Processing: Illuminate\Notifications\Events\BroadcastNotificationCreated
[2023-01-09 16:37:50][819] Processed:  Illuminate\Notifications\Events\BroadcastNotificationCreated
[2023-01-09 16:37:51][821] Processing: Illuminate\Notifications\Events\BroadcastNotificationCreated
[2023-01-09 16:37:51][821] Processed:  Illuminate\Notifications\Events\BroadcastNotificationCreated
[2023-01-09 16:37:50][812] Processing: Modules\Tasks\Events\TaskStatusUpdated
[2023-01-09 16:37:50][812] Processed:  Modules\Tasks\Events\TaskStatusUpdated
[2023-01-09 16:37:50][814] Processing: Illuminate\Notifications\Events\BroadcastNotificationCreated
[2023-01-09 16:37:50][814] Processed:  Illuminate\Notifications\Events\BroadcastNotificationCreated
[2023-01-09 16:37:50][818] Processing: Modules\Tasks\Events\TaskStatusUpdated
[2023-01-09 16:37:51][818] Processed:  Modules\Tasks\Events\TaskStatusUpdated
[2023-01-09 16:37:51][822] Processing: Modules\Tasks\Events\TaskStatusUpdated
[2023-01-09 16:37:51][822] Processed:  Modules\Tasks\Events\TaskStatusUpdated
[2023-01-09 16:37:51][823] Processing: Illuminate\Notifications\Events\BroadcastNotificationCreated
[2023-01-09 16:37:51][823] Processed:  Illuminate\Notifications\Events\BroadcastNotificationCreated
[2023-01-09 16:37:51][824] Processing: Modules\Tasks\Events\TaskStatusUpdated
[2023-01-09 16:37:51][824] Processed:  Modules\Tasks\Events\TaskStatusUpdated
[2023-01-09 16:37:51][825] Processing: Illuminate\Notifications\Events\BroadcastNotificationCreated
[2023-01-09 16:37:51][825] Processed:  Illuminate\Notifications\Events\BroadcastNotificationCreated
[2023-01-09 16:37:50][816] Processing: Modules\Tasks\Events\TaskStatusUpdated
[2023-01-09 16:37:50][816] Processed:  Modules\Tasks\Events\TaskStatusUpdated
[2023-01-09 16:37:50][817] Processing: Illuminate\Notifications\Events\BroadcastNotificationCreated
[2023-01-09 16:37:50][817] Processed:  Illuminate\Notifications\Events\BroadcastNotificationCreated
[2023-01-09 16:37:50][820] Processing: Modules\Tasks\Events\TaskStatusUpdated
[2023-01-09 16:37:51][820] Processed:  Modules\Tasks\Events\TaskStatusUpdated
[2023-01-09 16:37:50][813] Processing: Modules\Tasks\Events\TaskStatusUpdated
[2023-01-09 16:37:50][813] Processed:  Modules\Tasks\Events\TaskStatusUpdated
[2023-01-09 16:37:50][815] Processing: Illuminate\Notifications\Events\BroadcastNotificationCreated
[2023-01-09 16:37:50][815] Processed:  Illuminate\Notifications\Events\BroadcastNotificationCreated
[2023-01-09 16:37:52][826] Processing: Modules\Tasks\Events\TaskStatusUpdated
[2023-01-09 16:37:52][826] Processed:  Modules\Tasks\Events\TaskStatusUpdated
[2023-01-09 16:37:52][829] Processing: Illuminate\Notifications\Events\BroadcastNotificationCreated
[2023-01-09 16:37:52][829] Processed:  Illuminate\Notifications\Events\BroadcastNotificationCreated
[2023-01-09 16:37:52][830] Processing: Illuminate\Notifications\Events\BroadcastNotificationCreated
[2023-01-09 16:37:52][830] Processed:  Illuminate\Notifications\Events\BroadcastNotificationCreated
[2023-01-09 16:37:52][831] Processing: Illuminate\Notifications\Events\BroadcastNotificationCreated
[2023-01-09 16:37:52][831] Processed:  Illuminate\Notifications\Events\BroadcastNotificationCreated
[2023-01-09 16:37:52][832] Processing: Modules\Tasks\Events\TaskStatusUpdated
[2023-01-09 16:37:52][832] Processed:  Modules\Tasks\Events\TaskStatusUpdated
[2023-01-09 16:37:52][835] Processing: Illuminate\Notifications\Events\BroadcastNotificationCreated
[2023-01-09 16:37:52][835] Processed:  Illuminate\Notifications\Events\BroadcastNotificationCreated
[2023-01-09 16:37:52][836] Processing: Modules\Tasks\Events\TaskStatusUpdated
[2023-01-09 16:37:52][836] Processed:  Modules\Tasks\Events\TaskStatusUpdated
[2023-01-09 16:37:52][839] Processing: Illuminate\Notifications\Events\BroadcastNotificationCreated
[2023-01-09 16:37:52][839] Processed:  Illuminate\Notifications\Events\BroadcastNotificationCreated
[2023-01-09 16:37:52][840] Processing: Modules\Tasks\Events\TaskStatusUpdated
[2023-01-09 16:37:52][840] Processed:  Modules\Tasks\Events\TaskStatusUpdated
[2023-01-09 16:37:52][842] Processing: Illuminate\Notifications\Events\BroadcastNotificationCreated
[2023-01-09 16:37:52][842] Processed:  Illuminate\Notifications\Events\BroadcastNotificationCreated
[2023-01-09 16:37:52][843] Processing: Illuminate\Notifications\Events\BroadcastNotificationCreated
[2023-01-09 16:37:52][843] Processed:  Illuminate\Notifications\Events\BroadcastNotificationCreated
[2023-01-09 16:37:52][844] Processing: Illuminate\Notifications\Events\BroadcastNotificationCreated
[2023-01-09 16:37:52][844] Processed:  Illuminate\Notifications\Events\BroadcastNotificationCreated
[2023-01-09 16:37:52][827] Processing: Illuminate\Notifications\Events\BroadcastNotificationCreated
[2023-01-09 16:37:52][827] Processed:  Illuminate\Notifications\Events\BroadcastNotificationCreated
[2023-01-09 16:37:52][828] Processing: Modules\Tasks\Events\TaskStatusUpdated
[2023-01-09 16:37:52][828] Processed:  Modules\Tasks\Events\TaskStatusUpdated
[2023-01-09 16:37:52][833] Processing: Illuminate\Notifications\Events\BroadcastNotificationCreated
[2023-01-09 16:37:52][833] Processed:  Illuminate\Notifications\Events\BroadcastNotificationCreated
[2023-01-09 16:37:52][834] Processing: Modules\Tasks\Events\TaskStatusUpdated
[2023-01-09 16:37:52][834] Processed:  Modules\Tasks\Events\TaskStatusUpdated
[2023-01-09 16:37:52][837] Processing: Illuminate\Notifications\Events\BroadcastNotificationCreated
[2023-01-09 16:37:52][837] Processed:  Illuminate\Notifications\Events\BroadcastNotificationCreated
[2023-01-09 16:37:52][838] Processing: Modules\Tasks\Events\TaskStatusUpdated
[2023-01-09 16:37:52][838] Processed:  Modules\Tasks\Events\TaskStatusUpdated
[2023-01-09 16:37:52][841] Processing: Modules\Tasks\Events\TaskStatusUpdated
[2023-01-09 16:37:52][841] Processed:  Modules\Tasks\Events\TaskStatusUpdated
[2023-01-09 16:37:52][845] Processing: Illuminate\Notifications\Events\BroadcastNotificationCreated
[2023-01-09 16:37:52][845] Processed:  Illuminate\Notifications\Events\BroadcastNotificationCreated
Horizon started successfully.
[2023-01-09 17:20:46][846] Processing: Modules\Tasks\Events\TaskUpdated
[2023-01-09 17:20:46][846] Processed:  Modules\Tasks\Events\TaskUpdated
[2023-01-09 17:20:46][847] Processing: Illuminate\Notifications\Events\BroadcastNotificationCreated
[2023-01-09 17:20:46][847] Processed:  Illuminate\Notifications\Events\BroadcastNotificationCreated
[2023-01-09 19:10:56][848] Processing: Modules\Tasks\Events\TaskCommentAdded
[2023-01-09 19:10:56][848] Processed:  Modules\Tasks\Events\TaskCommentAdded
[2023-01-09 19:10:56][849] Processing: Illuminate\Notifications\Events\BroadcastNotificationCreated
[2023-01-09 19:10:56][849] Processed:  Illuminate\Notifications\Events\BroadcastNotificationCreated
[2023-01-09 19:11:02][850] Processing: Modules\Tasks\Events\TaskCommentAdded
[2023-01-09 19:11:02][850] Processed:  Modules\Tasks\Events\TaskCommentAdded
[2023-01-09 19:11:02][851] Processing: Illuminate\Notifications\Events\BroadcastNotificationCreated
[2023-01-09 19:11:02][851] Processed:  Illuminate\Notifications\Events\BroadcastNotificationCreated
[2023-01-09 19:11:08][852] Processing: Modules\Tasks\Events\TaskCommentAdded
[2023-01-09 19:11:08][852] Processed:  Modules\Tasks\Events\TaskCommentAdded
[2023-01-09 19:11:08][853] Processing: Illuminate\Notifications\Events\BroadcastNotificationCreated
[2023-01-09 19:11:08][853] Processed:  Illuminate\Notifications\Events\BroadcastNotificationCreated
[2023-01-09 19:11:38][854] Processing: Modules\Tasks\Events\TaskCommentAdded
[2023-01-09 19:11:38][854] Processed:  Modules\Tasks\Events\TaskCommentAdded
[2023-01-09 19:11:38][855] Processing: Illuminate\Notifications\Events\BroadcastNotificationCreated
[2023-01-09 19:11:38][855] Processed:  Illuminate\Notifications\Events\BroadcastNotificationCreated
[2023-01-09 19:11:50][856] Processing: Modules\Tasks\Events\TaskUpdated
[2023-01-09 19:11:50][856] Processed:  Modules\Tasks\Events\TaskUpdated
[2023-01-09 19:11:50][857] Processing: Illuminate\Notifications\Events\BroadcastNotificationCreated
[2023-01-09 19:11:50][857] Processed:  Illuminate\Notifications\Events\BroadcastNotificationCreated
[2023-01-09 19:12:05][871] Processing: Modules\Tasks\Events\TaskStatusUpdated
[2023-01-09 19:12:05][871] Processed:  Modules\Tasks\Events\TaskStatusUpdated
[2023-01-09 19:12:05][876] Processing: Illuminate\Notifications\Events\BroadcastNotificationCreated
[2023-01-09 19:12:05][876] Processed:  Illuminate\Notifications\Events\BroadcastNotificationCreated
[2023-01-09 19:12:05][878] Processing: Modules\Tasks\Events\TaskStatusUpdated
[2023-01-09 19:12:05][878] Processed:  Modules\Tasks\Events\TaskStatusUpdated
[2023-01-09 19:12:05][881] Processing: Illuminate\Notifications\Events\BroadcastNotificationCreated
[2023-01-09 19:12:05][881] Processed:  Illuminate\Notifications\Events\BroadcastNotificationCreated
[2023-01-09 19:12:05][882] Processing: Modules\Tasks\Events\TaskStatusUpdated
[2023-01-09 19:12:06][882] Processed:  Modules\Tasks\Events\TaskStatusUpdated
[2023-01-09 19:12:06][885] Processing: Illuminate\Notifications\Events\BroadcastNotificationCreated
[2023-01-09 19:12:06][885] Processed:  Illuminate\Notifications\Events\BroadcastNotificationCreated
[2023-01-09 19:12:05][858] Processing: Modules\Tasks\Events\TaskStatusUpdated
[2023-01-09 19:12:05][858] Processed:  Modules\Tasks\Events\TaskStatusUpdated
[2023-01-09 19:12:05][859] Processing: Modules\Tasks\Events\TaskStatusUpdated
[2023-01-09 19:12:05][859] Processed:  Modules\Tasks\Events\TaskStatusUpdated
[2023-01-09 19:12:05][860] Processing: Illuminate\Notifications\Events\BroadcastNotificationCreated
[2023-01-09 19:12:05][860] Processed:  Illuminate\Notifications\Events\BroadcastNotificationCreated
[2023-01-09 19:12:05][861] Processing: Illuminate\Notifications\Events\BroadcastNotificationCreated
[2023-01-09 19:12:05][861] Processed:  Illuminate\Notifications\Events\BroadcastNotificationCreated
[2023-01-09 19:12:05][862] Processing: Modules\Tasks\Events\TaskStatusUpdated
[2023-01-09 19:12:05][862] Processed:  Modules\Tasks\Events\TaskStatusUpdated
[2023-01-09 19:12:05][863] Processing: Modules\Tasks\Events\TaskStatusUpdated
[2023-01-09 19:12:05][863] Processed:  Modules\Tasks\Events\TaskStatusUpdated
[2023-01-09 19:12:05][864] Processing: Illuminate\Notifications\Events\BroadcastNotificationCreated
[2023-01-09 19:12:05][864] Processed:  Illuminate\Notifications\Events\BroadcastNotificationCreated
[2023-01-09 19:12:05][865] Processing: Illuminate\Notifications\Events\BroadcastNotificationCreated
[2023-01-09 19:12:05][865] Processed:  Illuminate\Notifications\Events\BroadcastNotificationCreated
[2023-01-09 19:12:05][866] Processing: Modules\Tasks\Events\TaskStatusUpdated
[2023-01-09 19:12:05][866] Processed:  Modules\Tasks\Events\TaskStatusUpdated
[2023-01-09 19:12:05][867] Processing: Modules\Tasks\Events\TaskStatusUpdated
[2023-01-09 19:12:05][867] Processed:  Modules\Tasks\Events\TaskStatusUpdated
[2023-01-09 19:12:05][868] Processing: Illuminate\Notifications\Events\BroadcastNotificationCreated
[2023-01-09 19:12:05][868] Processed:  Illuminate\Notifications\Events\BroadcastNotificationCreated
[2023-01-09 19:12:05][869] Processing: Illuminate\Notifications\Events\BroadcastNotificationCreated
[2023-01-09 19:12:05][869] Processed:  Illuminate\Notifications\Events\BroadcastNotificationCreated
[2023-01-09 19:12:05][870] Processing: Modules\Tasks\Events\TaskStatusUpdated
[2023-01-09 19:12:05][870] Processed:  Modules\Tasks\Events\TaskStatusUpdated
[2023-01-09 19:12:05][872] Processing: Illuminate\Notifications\Events\BroadcastNotificationCreated
[2023-01-09 19:12:05][872] Processed:  Illuminate\Notifications\Events\BroadcastNotificationCreated
[2023-01-09 19:12:05][873] Processing: Illuminate\Notifications\Events\BroadcastNotificationCreated
[2023-01-09 19:12:05][873] Processed:  Illuminate\Notifications\Events\BroadcastNotificationCreated
[2023-01-09 19:12:05][874] Processing: Modules\Tasks\Events\TaskStatusUpdated
[2023-01-09 19:12:05][874] Processed:  Modules\Tasks\Events\TaskStatusUpdated
[2023-01-09 19:12:05][875] Processing: Modules\Tasks\Events\TaskStatusUpdated
[2023-01-09 19:12:05][875] Processed:  Modules\Tasks\Events\TaskStatusUpdated
[2023-01-09 19:12:05][877] Processing: Illuminate\Notifications\Events\BroadcastNotificationCreated
[2023-01-09 19:12:05][877] Processed:  Illuminate\Notifications\Events\BroadcastNotificationCreated
[2023-01-09 19:12:05][879] Processing: Modules\Tasks\Events\TaskStatusUpdated
[2023-01-09 19:12:05][879] Processed:  Modules\Tasks\Events\TaskStatusUpdated
[2023-01-09 19:12:05][880] Processing: Illuminate\Notifications\Events\BroadcastNotificationCreated
[2023-01-09 19:12:05][880] Processed:  Illuminate\Notifications\Events\BroadcastNotificationCreated
[2023-01-09 19:12:05][883] Processing: Modules\Tasks\Events\TaskStatusUpdated
[2023-01-09 19:12:06][883] Processed:  Modules\Tasks\Events\TaskStatusUpdated
[2023-01-09 19:12:06][884] Processing: Illuminate\Notifications\Events\BroadcastNotificationCreated
[2023-01-09 19:12:06][884] Processed:  Illuminate\Notifications\Events\BroadcastNotificationCreated
[2023-01-09 19:12:06][886] Processing: Modules\Tasks\Events\TaskStatusUpdated
[2023-01-09 19:12:06][887] Processing: Modules\Tasks\Events\TaskStatusUpdated
[2023-01-09 19:12:06][887] Processed:  Modules\Tasks\Events\TaskStatusUpdated
[2023-01-09 19:12:06][889] Processing: Illuminate\Notifications\Events\BroadcastNotificationCreated
[2023-01-09 19:12:06][889] Processed:  Illuminate\Notifications\Events\BroadcastNotificationCreated
[2023-01-09 19:12:06][891] Processing: Modules\Tasks\Events\TaskStatusUpdated
[2023-01-09 19:12:06][891] Processed:  Modules\Tasks\Events\TaskStatusUpdated
[2023-01-09 19:12:06][895] Processing: Modules\Tasks\Events\TaskStatusUpdated
[2023-01-09 19:12:06][895] Processed:  Modules\Tasks\Events\TaskStatusUpdated
[2023-01-09 19:12:06][899] Processing: Modules\Tasks\Events\TaskStatusUpdated
[2023-01-09 19:12:06][899] Processed:  Modules\Tasks\Events\TaskStatusUpdated
[2023-01-09 19:12:06][903] Processing: Modules\Tasks\Events\TaskStatusUpdated
[2023-01-09 19:12:06][903] Processed:  Modules\Tasks\Events\TaskStatusUpdated
[2023-01-09 19:12:06][901] Processing: Illuminate\Notifications\Events\BroadcastNotificationCreated
[2023-01-09 19:12:06][901] Processed:  Illuminate\Notifications\Events\BroadcastNotificationCreated
[2023-01-09 19:12:06][904] Processing: Illuminate\Notifications\Events\BroadcastNotificationCreated
[2023-01-09 19:12:06][904] Processed:  Illuminate\Notifications\Events\BroadcastNotificationCreated
[2023-01-09 19:12:06][906] Processing: Modules\Tasks\Events\TaskStatusUpdated
[2023-01-09 19:12:06][906] Processed:  Modules\Tasks\Events\TaskStatusUpdated
[2023-01-09 19:12:06][897] Processing: Illuminate\Notifications\Events\BroadcastNotificationCreated
[2023-01-09 19:12:06][897] Processed:  Illuminate\Notifications\Events\BroadcastNotificationCreated
[2023-01-09 19:12:06][905] Processing: Illuminate\Notifications\Events\BroadcastNotificationCreated
[2023-01-09 19:12:06][905] Processed:  Illuminate\Notifications\Events\BroadcastNotificationCreated
[2023-01-09 19:12:06][907] Processing: Modules\Tasks\Events\TaskStatusUpdated
[2023-01-09 19:12:06][907] Processed:  Modules\Tasks\Events\TaskStatusUpdated
[2023-01-09 19:12:06][900] Processing: Illuminate\Notifications\Events\BroadcastNotificationCreated
[2023-01-09 19:12:06][900] Processed:  Illuminate\Notifications\Events\BroadcastNotificationCreated
[2023-01-09 19:12:06][886] Processed:  Modules\Tasks\Events\TaskStatusUpdated
[2023-01-09 19:12:06][888] Processing: Illuminate\Notifications\Events\BroadcastNotificationCreated
[2023-01-09 19:12:06][888] Processed:  Illuminate\Notifications\Events\BroadcastNotificationCreated
[2023-01-09 19:12:06][890] Processing: Modules\Tasks\Events\TaskStatusUpdated
[2023-01-09 19:12:06][890] Processed:  Modules\Tasks\Events\TaskStatusUpdated
[2023-01-09 19:12:06][892] Processing: Illuminate\Notifications\Events\BroadcastNotificationCreated
[2023-01-09 19:12:06][892] Processed:  Illuminate\Notifications\Events\BroadcastNotificationCreated
[2023-01-09 19:12:06][893] Processing: Illuminate\Notifications\Events\BroadcastNotificationCreated
[2023-01-09 19:12:06][893] Processed:  Illuminate\Notifications\Events\BroadcastNotificationCreated
[2023-01-09 19:12:06][894] Processing: Modules\Tasks\Events\TaskStatusUpdated
[2023-01-09 19:12:06][894] Processed:  Modules\Tasks\Events\TaskStatusUpdated
[2023-01-09 19:12:06][898] Processing: Modules\Tasks\Events\TaskStatusUpdated
[2023-01-09 19:12:06][898] Processed:  Modules\Tasks\Events\TaskStatusUpdated
[2023-01-09 19:12:06][902] Processing: Modules\Tasks\Events\TaskStatusUpdated
[2023-01-09 19:12:06][902] Processed:  Modules\Tasks\Events\TaskStatusUpdated
[2023-01-09 19:12:06][909] Processing: Illuminate\Notifications\Events\BroadcastNotificationCreated
[2023-01-09 19:12:06][909] Processed:  Illuminate\Notifications\Events\BroadcastNotificationCreated
[2023-01-09 19:12:06][896] Processing: Illuminate\Notifications\Events\BroadcastNotificationCreated
[2023-01-09 19:12:06][896] Processed:  Illuminate\Notifications\Events\BroadcastNotificationCreated
[2023-01-09 19:12:06][908] Processing: Illuminate\Notifications\Events\BroadcastNotificationCreated
[2023-01-09 19:12:06][908] Processed:  Illuminate\Notifications\Events\BroadcastNotificationCreated
[2023-01-09 19:12:45][910] Processing: Modules\Tasks\Events\TaskStatusUpdated
[2023-01-09 19:12:45][910] Processed:  Modules\Tasks\Events\TaskStatusUpdated
[2023-01-09 19:12:45][919] Processing: Illuminate\Notifications\Events\BroadcastNotificationCreated
[2023-01-09 19:12:45][919] Processed:  Illuminate\Notifications\Events\BroadcastNotificationCreated
[2023-01-09 19:12:45][922] Processing: Modules\Tasks\Events\TaskStatusUpdated
[2023-01-09 19:12:45][922] Processed:  Modules\Tasks\Events\TaskStatusUpdated
[2023-01-09 19:12:45][942] Processing: Modules\Tasks\Events\TaskStatusUpdated
[2023-01-09 19:12:45][942] Processed:  Modules\Tasks\Events\TaskStatusUpdated
[2023-01-09 19:12:45][955] Processing: Illuminate\Notifications\Events\BroadcastNotificationCreated
[2023-01-09 19:12:45][955] Processed:  Illuminate\Notifications\Events\BroadcastNotificationCreated
[2023-01-09 19:12:45][926] Processing: Modules\Tasks\Events\TaskStatusUpdated
[2023-01-09 19:12:45][926] Processed:  Modules\Tasks\Events\TaskStatusUpdated
[2023-01-09 19:12:45][917] Processing: Illuminate\Notifications\Events\BroadcastNotificationCreated
[2023-01-09 19:12:45][917] Processed:  Illuminate\Notifications\Events\BroadcastNotificationCreated
[2023-01-09 19:12:45][921] Processing: Illuminate\Notifications\Events\BroadcastNotificationCreated
[2023-01-09 19:12:45][921] Processed:  Illuminate\Notifications\Events\BroadcastNotificationCreated
[2023-01-09 19:12:45][925] Processing: Illuminate\Notifications\Events\BroadcastNotificationCreated
[2023-01-09 19:12:45][925] Processed:  Illuminate\Notifications\Events\BroadcastNotificationCreated
[2023-01-09 19:12:45][928] Processing: Modules\Tasks\Events\TaskStatusUpdated
[2023-01-09 19:12:45][928] Processed:  Modules\Tasks\Events\TaskStatusUpdated
[2023-01-09 19:12:45][938] Processing: Modules\Tasks\Events\TaskStatusUpdated
[2023-01-09 19:12:45][938] Processed:  Modules\Tasks\Events\TaskStatusUpdated
[2023-01-09 19:12:45][953] Processing: Illuminate\Notifications\Events\BroadcastNotificationCreated
[2023-01-09 19:12:45][953] Processed:  Illuminate\Notifications\Events\BroadcastNotificationCreated
[2023-01-09 19:12:45][929] Processing: Illuminate\Notifications\Events\BroadcastNotificationCreated
[2023-01-09 19:12:45][929] Processed:  Illuminate\Notifications\Events\BroadcastNotificationCreated
[2023-01-09 19:12:45][918] Processing: Modules\Tasks\Events\TaskStatusUpdated
[2023-01-09 19:12:45][918] Processed:  Modules\Tasks\Events\TaskStatusUpdated
[2023-01-09 19:12:45][931] Processing: Illuminate\Notifications\Events\BroadcastNotificationCreated
[2023-01-09 19:12:45][931] Processed:  Illuminate\Notifications\Events\BroadcastNotificationCreated
[2023-01-09 19:12:45][934] Processing: Modules\Tasks\Events\TaskStatusUpdated
[2023-01-09 19:12:45][934] Processed:  Modules\Tasks\Events\TaskStatusUpdated
[2023-01-09 19:12:45][945] Processing: Modules\Tasks\Events\TaskStatusUpdated
[2023-01-09 19:12:45][945] Processed:  Modules\Tasks\Events\TaskStatusUpdated
[2023-01-09 19:12:45][923] Processing: Illuminate\Notifications\Events\BroadcastNotificationCreated
[2023-01-09 19:12:45][923] Processed:  Illuminate\Notifications\Events\BroadcastNotificationCreated
[2023-01-09 19:12:45][943] Processing: Illuminate\Notifications\Events\BroadcastNotificationCreated
[2023-01-09 19:12:45][943] Processed:  Illuminate\Notifications\Events\BroadcastNotificationCreated
[2023-01-09 19:12:45][948] Processing: Modules\Tasks\Events\TaskStatusUpdated
[2023-01-09 19:12:45][948] Processed:  Modules\Tasks\Events\TaskStatusUpdated
[2023-01-09 19:12:45][914] Processing: Modules\Tasks\Events\TaskStatusUpdated
[2023-01-09 19:12:45][914] Processed:  Modules\Tasks\Events\TaskStatusUpdated
[2023-01-09 19:12:45][932] Processing: Modules\Tasks\Events\TaskStatusUpdated
[2023-01-09 19:12:45][932] Processed:  Modules\Tasks\Events\TaskStatusUpdated
[2023-01-09 19:12:45][941] Processing: Illuminate\Notifications\Events\BroadcastNotificationCreated
[2023-01-09 19:12:45][941] Processed:  Illuminate\Notifications\Events\BroadcastNotificationCreated
[2023-01-09 19:12:45][946] Processing: Illuminate\Notifications\Events\BroadcastNotificationCreated
[2023-01-09 19:12:45][946] Processed:  Illuminate\Notifications\Events\BroadcastNotificationCreated
[2023-01-09 19:12:45][950] Processing: Illuminate\Notifications\Events\BroadcastNotificationCreated
[2023-01-09 19:12:45][950] Processed:  Illuminate\Notifications\Events\BroadcastNotificationCreated
[2023-01-09 19:12:45][951] Processing: Illuminate\Notifications\Events\BroadcastNotificationCreated
[2023-01-09 19:12:45][951] Processed:  Illuminate\Notifications\Events\BroadcastNotificationCreated
[2023-01-09 19:12:45][954] Processing: Modules\Tasks\Events\TaskStatusUpdated
[2023-01-09 19:12:45][954] Processed:  Modules\Tasks\Events\TaskStatusUpdated
[2023-01-09 19:12:45][911] Processing: Illuminate\Notifications\Events\BroadcastNotificationCreated
[2023-01-09 19:12:45][911] Processed:  Illuminate\Notifications\Events\BroadcastNotificationCreated
[2023-01-09 19:12:45][913] Processing: Illuminate\Notifications\Events\BroadcastNotificationCreated
[2023-01-09 19:12:45][913] Processed:  Illuminate\Notifications\Events\BroadcastNotificationCreated
[2023-01-09 19:12:45][915] Processing: Illuminate\Notifications\Events\BroadcastNotificationCreated
[2023-01-09 19:12:45][915] Processed:  Illuminate\Notifications\Events\BroadcastNotificationCreated
[2023-01-09 19:12:45][916] Processing: Modules\Tasks\Events\TaskStatusUpdated
[2023-01-09 19:12:45][916] Processed:  Modules\Tasks\Events\TaskStatusUpdated
[2023-01-09 19:12:45][933] Processing: Illuminate\Notifications\Events\BroadcastNotificationCreated
[2023-01-09 19:12:45][933] Processed:  Illuminate\Notifications\Events\BroadcastNotificationCreated
[2023-01-09 19:12:45][935] Processing: Illuminate\Notifications\Events\BroadcastNotificationCreated
[2023-01-09 19:12:45][935] Processed:  Illuminate\Notifications\Events\BroadcastNotificationCreated
[2023-01-09 19:12:45][936] Processing: Modules\Tasks\Events\TaskStatusUpdated
[2023-01-09 19:12:45][936] Processed:  Modules\Tasks\Events\TaskStatusUpdated
[2023-01-09 19:12:45][947] Processing: Illuminate\Notifications\Events\BroadcastNotificationCreated
[2023-01-09 19:12:45][947] Processed:  Illuminate\Notifications\Events\BroadcastNotificationCreated
[2023-01-09 19:12:45][949] Processing: Modules\Tasks\Events\TaskStatusUpdated
[2023-01-09 19:12:45][949] Processed:  Modules\Tasks\Events\TaskStatusUpdated
[2023-01-09 19:12:45][912] Processing: Modules\Tasks\Events\TaskStatusUpdated
[2023-01-09 19:12:45][912] Processed:  Modules\Tasks\Events\TaskStatusUpdated
[2023-01-09 19:12:45][920] Processing: Modules\Tasks\Events\TaskStatusUpdated
[2023-01-09 19:12:45][920] Processed:  Modules\Tasks\Events\TaskStatusUpdated
[2023-01-09 19:12:45][924] Processing: Modules\Tasks\Events\TaskStatusUpdated
[2023-01-09 19:12:45][924] Processed:  Modules\Tasks\Events\TaskStatusUpdated
[2023-01-09 19:12:45][930] Processing: Modules\Tasks\Events\TaskStatusUpdated
[2023-01-09 19:12:45][930] Processed:  Modules\Tasks\Events\TaskStatusUpdated
[2023-01-09 19:12:45][937] Processing: Illuminate\Notifications\Events\BroadcastNotificationCreated
[2023-01-09 19:12:45][937] Processed:  Illuminate\Notifications\Events\BroadcastNotificationCreated
[2023-01-09 19:12:45][939] Processing: Illuminate\Notifications\Events\BroadcastNotificationCreated
[2023-01-09 19:12:45][939] Processed:  Illuminate\Notifications\Events\BroadcastNotificationCreated
[2023-01-09 19:12:45][940] Processing: Modules\Tasks\Events\TaskStatusUpdated
[2023-01-09 19:12:45][940] Processed:  Modules\Tasks\Events\TaskStatusUpdated
[2023-01-09 19:12:45][952] Processing: Modules\Tasks\Events\TaskStatusUpdated
[2023-01-09 19:12:45][952] Processed:  Modules\Tasks\Events\TaskStatusUpdated
[2023-01-09 19:12:45][927] Processing: Illuminate\Notifications\Events\BroadcastNotificationCreated
[2023-01-09 19:12:45][927] Processed:  Illuminate\Notifications\Events\BroadcastNotificationCreated
[2023-01-09 19:12:45][944] Processing: Modules\Tasks\Events\TaskStatusUpdated
[2023-01-09 19:12:45][944] Processed:  Modules\Tasks\Events\TaskStatusUpdated
[2023-01-09 19:12:48][956] Processing: Modules\Tasks\Events\TaskStatusUpdated
[2023-01-09 19:12:48][956] Processed:  Modules\Tasks\Events\TaskStatusUpdated
[2023-01-09 19:12:48][957] Processing: Illuminate\Notifications\Events\BroadcastNotificationCreated
[2023-01-09 19:12:48][957] Processed:  Illuminate\Notifications\Events\BroadcastNotificationCreated
[2023-01-09 19:13:15][958] Processing: Modules\Tasks\Events\TaskUpdated
[2023-01-09 19:13:15][958] Processed:  Modules\Tasks\Events\TaskUpdated
[2023-01-09 19:13:15][959] Processing: Illuminate\Notifications\Events\BroadcastNotificationCreated
[2023-01-09 19:13:15][959] Processed:  Illuminate\Notifications\Events\BroadcastNotificationCreated
[2023-01-09 19:13:33][963] Processing: Illuminate\Notifications\Events\BroadcastNotificationCreated
[2023-01-09 19:13:33][963] Processed:  Illuminate\Notifications\Events\BroadcastNotificationCreated
[2023-01-09 19:13:33][968] Processing: Modules\Tasks\Events\TaskStatusUpdated
[2023-01-09 19:13:33][968] Processed:  Modules\Tasks\Events\TaskStatusUpdated
[2023-01-09 19:13:33][983] Processing: Illuminate\Notifications\Events\BroadcastNotificationCreated
[2023-01-09 19:13:33][983] Processed:  Illuminate\Notifications\Events\BroadcastNotificationCreated
[2023-01-09 19:13:33][990] Processing: Illuminate\Notifications\Events\BroadcastNotificationCreated
[2023-01-09 19:13:33][990] Processed:  Illuminate\Notifications\Events\BroadcastNotificationCreated
[2023-01-09 19:13:33][994] Processing: Illuminate\Notifications\Events\BroadcastNotificationCreated
[2023-01-09 19:13:33][994] Processed:  Illuminate\Notifications\Events\BroadcastNotificationCreated
[2023-01-09 19:13:33][1000] Processing: Modules\Tasks\Events\TaskStatusUpdated
[2023-01-09 19:13:33][962] Processing: Modules\Tasks\Events\TaskStatusUpdated
[2023-01-09 19:13:33][962] Processed:  Modules\Tasks\Events\TaskStatusUpdated
[2023-01-09 19:13:33][981] Processing: Illuminate\Notifications\Events\BroadcastNotificationCreated
[2023-01-09 19:13:33][981] Processed:  Illuminate\Notifications\Events\BroadcastNotificationCreated
[2023-01-09 19:13:33][988] Processing: Modules\Tasks\Events\TaskStatusUpdated
[2023-01-09 19:13:33][988] Processed:  Modules\Tasks\Events\TaskStatusUpdated
[2023-01-09 19:13:33][1003] Processing: Illuminate\Notifications\Events\BroadcastNotificationCreated
[2023-01-09 19:13:34][1003] Processed:  Illuminate\Notifications\Events\BroadcastNotificationCreated
[2023-01-09 19:13:34][1002] Processing: Illuminate\Notifications\Events\BroadcastNotificationCreated
[2023-01-09 19:13:34][1002] Processed:  Illuminate\Notifications\Events\BroadcastNotificationCreated
[2023-01-09 19:13:34][1005] Processing: Modules\Tasks\Events\TaskStatusUpdated
[2023-01-09 19:13:34][1005] Processed:  Modules\Tasks\Events\TaskStatusUpdated
[2023-01-09 19:13:34][1009] Processing: Illuminate\Notifications\Events\BroadcastNotificationCreated
[2023-01-09 19:13:34][1009] Processed:  Illuminate\Notifications\Events\BroadcastNotificationCreated
[2023-01-09 19:13:34][1010] Processing: Modules\Tasks\Events\TaskStatusUpdated
[2023-01-09 19:13:34][1010] Processed:  Modules\Tasks\Events\TaskStatusUpdated
[2023-01-09 19:13:33][960] Processing: Modules\Tasks\Events\TaskStatusUpdated
[2023-01-09 19:13:33][960] Processed:  Modules\Tasks\Events\TaskStatusUpdated
[2023-01-09 19:13:33][973] Processing: Illuminate\Notifications\Events\BroadcastNotificationCreated
[2023-01-09 19:13:33][973] Processed:  Illuminate\Notifications\Events\BroadcastNotificationCreated
[2023-01-09 19:13:33][976] Processing: Illuminate\Notifications\Events\BroadcastNotificationCreated
[2023-01-09 19:13:33][976] Processed:  Illuminate\Notifications\Events\BroadcastNotificationCreated
[2023-01-09 19:13:33][978] Processing: Modules\Tasks\Events\TaskStatusUpdated
[2023-01-09 19:13:33][978] Processed:  Modules\Tasks\Events\TaskStatusUpdated
[2023-01-09 19:13:33][999] Processing: Illuminate\Notifications\Events\BroadcastNotificationCreated
[2023-01-09 19:13:34][999] Processed:  Illuminate\Notifications\Events\BroadcastNotificationCreated
[2023-01-09 19:13:34][1004] Processing: Modules\Tasks\Events\TaskStatusUpdated
[2023-01-09 19:13:33][969] Processing: Illuminate\Notifications\Events\BroadcastNotificationCreated
[2023-01-09 19:13:33][969] Processed:  Illuminate\Notifications\Events\BroadcastNotificationCreated
[2023-01-09 19:13:33][972] Processing: Illuminate\Notifications\Events\BroadcastNotificationCreated
[2023-01-09 19:13:33][972] Processed:  Illuminate\Notifications\Events\BroadcastNotificationCreated
[2023-01-09 19:13:33][974] Processing: Modules\Tasks\Events\TaskStatusUpdated
[2023-01-09 19:13:33][974] Processed:  Modules\Tasks\Events\TaskStatusUpdated
[2023-01-09 19:13:33][996] Processing: Modules\Tasks\Events\TaskStatusUpdated
[2023-01-09 19:13:34][996] Processed:  Modules\Tasks\Events\TaskStatusUpdated
[2023-01-09 19:13:33][967] Processing: Illuminate\Notifications\Events\BroadcastNotificationCreated
[2023-01-09 19:13:33][967] Processed:  Illuminate\Notifications\Events\BroadcastNotificationCreated
[2023-01-09 19:13:33][975] Processing: Modules\Tasks\Events\TaskStatusUpdated
[2023-01-09 19:13:33][975] Processed:  Modules\Tasks\Events\TaskStatusUpdated
[2023-01-09 19:13:33][991] Processing: Illuminate\Notifications\Events\BroadcastNotificationCreated
[2023-01-09 19:13:33][991] Processed:  Illuminate\Notifications\Events\BroadcastNotificationCreated
[2023-01-09 19:13:33][997] Processing: Modules\Tasks\Events\TaskStatusUpdated
[2023-01-09 19:13:34][997] Processed:  Modules\Tasks\Events\TaskStatusUpdated
[2023-01-09 19:13:33][970] Processing: Modules\Tasks\Events\TaskStatusUpdated
[2023-01-09 19:13:33][970] Processed:  Modules\Tasks\Events\TaskStatusUpdated
[2023-01-09 19:13:33][982] Processing: Modules\Tasks\Events\TaskStatusUpdated
[2023-01-09 19:13:33][982] Processed:  Modules\Tasks\Events\TaskStatusUpdated
[2023-01-09 19:13:33][985] Processing: Illuminate\Notifications\Events\BroadcastNotificationCreated
[2023-01-09 19:13:33][985] Processed:  Illuminate\Notifications\Events\BroadcastNotificationCreated
[2023-01-09 19:13:33][987] Processing: Illuminate\Notifications\Events\BroadcastNotificationCreated
[2023-01-09 19:13:33][987] Processed:  Illuminate\Notifications\Events\BroadcastNotificationCreated
[2023-01-09 19:13:33][989] Processing: Modules\Tasks\Events\TaskStatusUpdated
[2023-01-09 19:13:33][989] Processed:  Modules\Tasks\Events\TaskStatusUpdated
[2023-01-09 19:13:33][993] Processing: Modules\Tasks\Events\TaskStatusUpdated
[2023-01-09 19:13:34][993] Processed:  Modules\Tasks\Events\TaskStatusUpdated
[2023-01-09 19:13:33][971] Processing: Modules\Tasks\Events\TaskStatusUpdated
[2023-01-09 19:13:33][971] Processed:  Modules\Tasks\Events\TaskStatusUpdated
[2023-01-09 19:13:33][984] Processing: Modules\Tasks\Events\TaskStatusUpdated
[2023-01-09 19:13:34][984] Processed:  Modules\Tasks\Events\TaskStatusUpdated
[2023-01-09 19:13:33][966] Processing: Modules\Tasks\Events\TaskStatusUpdated
[2023-01-09 19:13:33][966] Processed:  Modules\Tasks\Events\TaskStatusUpdated
[2023-01-09 19:13:33][992] Processing: Modules\Tasks\Events\TaskStatusUpdated
[2023-01-09 19:13:34][992] Processed:  Modules\Tasks\Events\TaskStatusUpdated
[2023-01-09 19:13:33][964] Processing: Modules\Tasks\Events\TaskStatusUpdated
[2023-01-09 19:13:33][964] Processed:  Modules\Tasks\Events\TaskStatusUpdated
[2023-01-09 19:13:33][986] Processing: Modules\Tasks\Events\TaskStatusUpdated
[2023-01-09 19:13:34][986] Processed:  Modules\Tasks\Events\TaskStatusUpdated
[2023-01-09 19:13:34][1011] Processing: Illuminate\Notifications\Events\BroadcastNotificationCreated
[2023-01-09 19:13:34][1011] Processed:  Illuminate\Notifications\Events\BroadcastNotificationCreated
[2023-01-09 19:13:33][961] Processing: Illuminate\Notifications\Events\BroadcastNotificationCreated
[2023-01-09 19:13:33][961] Processed:  Illuminate\Notifications\Events\BroadcastNotificationCreated
[2023-01-09 19:13:33][965] Processing: Illuminate\Notifications\Events\BroadcastNotificationCreated
[2023-01-09 19:13:33][965] Processed:  Illuminate\Notifications\Events\BroadcastNotificationCreated
[2023-01-09 19:13:33][977] Processing: Illuminate\Notifications\Events\BroadcastNotificationCreated
[2023-01-09 19:13:33][977] Processed:  Illuminate\Notifications\Events\BroadcastNotificationCreated
[2023-01-09 19:13:33][979] Processing: Illuminate\Notifications\Events\BroadcastNotificationCreated
[2023-01-09 19:13:33][979] Processed:  Illuminate\Notifications\Events\BroadcastNotificationCreated
[2023-01-09 19:13:33][980] Processing: Modules\Tasks\Events\TaskStatusUpdated
[2023-01-09 19:13:33][980] Processed:  Modules\Tasks\Events\TaskStatusUpdated
[2023-01-09 19:13:33][995] Processing: Illuminate\Notifications\Events\BroadcastNotificationCreated
[2023-01-09 19:13:33][995] Processed:  Illuminate\Notifications\Events\BroadcastNotificationCreated
[2023-01-09 19:13:33][998] Processing: Illuminate\Notifications\Events\BroadcastNotificationCreated
[2023-01-09 19:13:33][998] Processed:  Illuminate\Notifications\Events\BroadcastNotificationCreated
[2023-01-09 19:13:33][1001] Processing: Modules\Tasks\Events\TaskStatusUpdated
[2023-01-09 19:13:34][1001] Processed:  Modules\Tasks\Events\TaskStatusUpdated
[2023-01-09 19:13:34][1006] Processing: Illuminate\Notifications\Events\BroadcastNotificationCreated
[2023-01-09 19:13:34][1006] Processed:  Illuminate\Notifications\Events\BroadcastNotificationCreated
[2023-01-09 19:13:34][1007] Processing: Illuminate\Notifications\Events\BroadcastNotificationCreated
[2023-01-09 19:13:34][1007] Processed:  Illuminate\Notifications\Events\BroadcastNotificationCreated
[2023-01-09 19:13:34][1008] Processing: Modules\Tasks\Events\TaskStatusUpdated
[2023-01-09 19:13:34][1008] Processed:  Modules\Tasks\Events\TaskStatusUpdated
[2023-01-09 19:13:34][1000] Processed:  Modules\Tasks\Events\TaskStatusUpdated
[2023-01-09 19:13:34][1004] Processed:  Modules\Tasks\Events\TaskStatusUpdated
[2023-01-10 08:31:35][1014] Processing: Illuminate\Notifications\Events\BroadcastNotificationCreated
[2023-01-10 08:31:35][1014] Processed:  Illuminate\Notifications\Events\BroadcastNotificationCreated
[2023-01-10 08:31:35][1015] Processing: Modules\Tasks\Events\TaskStatusUpdated
[2023-01-10 08:31:35][1015] Processed:  Modules\Tasks\Events\TaskStatusUpdated
[2023-01-10 08:31:35][1012] Processing: Illuminate\Notifications\Events\BroadcastNotificationCreated
[2023-01-10 08:31:35][1012] Processed:  Illuminate\Notifications\Events\BroadcastNotificationCreated
[2023-01-10 08:31:35][1013] Processing: Modules\Tasks\Events\TaskStatusUpdated
[2023-01-10 08:31:35][1013] Processed:  Modules\Tasks\Events\TaskStatusUpdated
[2023-01-10 08:32:05][1016] Processing: Modules\Tasks\Events\TaskCommentAdded
[2023-01-10 08:32:05][1016] Processed:  Modules\Tasks\Events\TaskCommentAdded
[2023-01-10 08:32:05][1017] Processing: Illuminate\Notifications\Events\BroadcastNotificationCreated
[2023-01-10 08:32:05][1017] Processed:  Illuminate\Notifications\Events\BroadcastNotificationCreated
[2023-01-10 08:32:23][1018] Processing: Modules\Tasks\Events\TaskCommentAdded
[2023-01-10 08:32:23][1018] Processed:  Modules\Tasks\Events\TaskCommentAdded
[2023-01-10 08:32:23][1019] Processing: Illuminate\Notifications\Events\BroadcastNotificationCreated
[2023-01-10 08:32:23][1019] Processed:  Illuminate\Notifications\Events\BroadcastNotificationCreated
[2023-01-10 08:32:27][1020] Processing: Modules\Tasks\Events\TaskCommentAdded
[2023-01-10 08:32:28][1020] Processed:  Modules\Tasks\Events\TaskCommentAdded
[2023-01-10 08:32:28][1021] Processing: Illuminate\Notifications\Events\BroadcastNotificationCreated
[2023-01-10 08:32:28][1021] Processed:  Illuminate\Notifications\Events\BroadcastNotificationCreated
[2023-01-10 08:34:00][1022] Processing: Illuminate\Notifications\Events\BroadcastNotificationCreated
[2023-01-10 08:34:00][1022] Processed:  Illuminate\Notifications\Events\BroadcastNotificationCreated
[2023-01-10 08:34:00][1023] Processing: Modules\Tasks\Events\TaskStatusUpdated
[2023-01-10 08:34:00][1023] Processed:  Modules\Tasks\Events\TaskStatusUpdated
[2023-01-10 09:55:58][1024] Processing: Illuminate\Notifications\Events\BroadcastNotificationCreated
[2023-01-10 09:55:58][1024] Processed:  Illuminate\Notifications\Events\BroadcastNotificationCreated
[2023-01-10 09:55:58][1025] Processing: Modules\Tasks\Events\TaskStatusUpdated
[2023-01-10 09:55:58][1025] Processed:  Modules\Tasks\Events\TaskStatusUpdated
[2023-01-10 10:05:19][1026] Processing: Illuminate\Notifications\Events\BroadcastNotificationCreated
[2023-01-10 10:05:19][1026] Processed:  Illuminate\Notifications\Events\BroadcastNotificationCreated
[2023-01-10 10:05:19][1027] Processing: Modules\Tasks\Events\TaskStatusUpdated
[2023-01-10 10:05:19][1027] Processed:  Modules\Tasks\Events\TaskStatusUpdated
